2025-03-22 22:46:42,745 — INFO — file_cache is only supported with oauth2client<4.0.0
2025-03-22 22:46:45,153 — INFO — Labeled and archived message ID 195903cc21480b15 as @AlpineDistrict
2025-03-22 22:46:46,467 — INFO — Labeled and archived message ID 195901e5c4697d61 as @Later
2025-03-22 22:46:47,805 — INFO — Labeled and archived message ID 19590050db1e90c5 as @Later
2025-03-22 22:46:49,107 — INFO — Labeled and archived message ID 1958ffde4cdc9b7a as @Later
2025-03-22 22:46:50,445 — INFO — Labeled and archived message ID 1958f649dae3686f as @Later
2025-03-22 22:46:51,768 — INFO — Labeled and archived message ID 1958f563cae1f8d4 as @Later
2025-03-22 22:46:53,119 — INFO — Labeled and archived message ID 1958f1e6e13d1bf9 as @Later
2025-03-22 22:46:54,457 — INFO — Labeled and archived message ID 1958ed3dd69691eb as @Church
2025-03-22 22:46:55,796 — INFO — Labeled and archived message ID 1958e9ee0baf8fc1 as @Later
2025-03-22 22:46:57,169 — INFO — Labeled and archived message ID 1958d30dea9c57ec as @Later
2025-03-22 22:46:58,655 — INFO — Labeled and archived message ID 1958ca6210547702 as @Later
2025-03-22 22:47:00,011 — INFO — Labeled and archived message ID 1958c934ab14f318 as @Later
2025-03-22 22:47:01,420 — INFO — Labeled and archived message ID 1958c88a7845b847 as @Later
2025-03-22 22:47:02,727 — INFO — Labeled and archived message ID 1958c83360340178 as @Later
2025-03-22 22:47:04,057 — INFO — Labeled and archived message ID 1958c574755e623a as @Later
2025-03-22 22:47:05,401 — INFO — Labeled and archived message ID 1958bf8130106db4 as @Delete
2025-03-22 22:47:06,847 — INFO — Labeled and archived message ID 1958bf2b8305e5f6 as @Later
2025-03-22 22:47:08,180 — INFO — Labeled and archived message ID 1958bd1ac14662d2 as @Later
2025-03-22 22:47:09,594 — INFO — Labeled and archived message ID 1958bc2c28af41ba as @Church
2025-03-22 22:47:10,945 — INFO — Labeled and archived message ID 1958bc18960e4aba as @Church
2025-03-22 22:47:12,434 — INFO — Labeled and archived message ID 1958bbab89b85367 as @Later
2025-03-22 22:47:13,766 — INFO — Labeled and archived message ID 1958b91477193e0c as @Later
2025-03-22 22:47:15,096 — INFO — Labeled and archived message ID 1958b85305cd3780 as @Later
2025-03-22 22:47:16,421 — INFO — Labeled and archived message ID 1958b7c592049c0c as @Later
2025-03-22 22:47:17,737 — INFO — Labeled and archived message ID 1958b636cb37161d as @Later
2025-03-22 22:47:19,194 — INFO — Labeled and archived message ID 1958b4774cb82e7e as @Later
2025-03-22 22:47:20,516 — INFO — Labeled and archived message ID 1958b47718ca7f7d as @Later
2025-03-22 22:47:21,840 — INFO — Labeled and archived message ID 1958b477087d24b0 as @Later
2025-03-22 22:47:23,174 — INFO — Labeled and archived message ID 1958b477007d5279 as @Later
2025-03-22 22:47:24,500 — INFO — Labeled and archived message ID 1958b3cc2b738de8 as @Later
2025-03-22 22:47:25,831 — INFO — Labeled and archived message ID 1958b37ba7cdc3c8 as @Church
2025-03-22 22:47:27,158 — INFO — Labeled and archived message ID 1958b0f9c51a25e9 as @Later
2025-03-22 22:47:28,568 — INFO — Labeled and archived message ID 1958b0c4720a4360 as @Later
2025-03-22 22:47:29,887 — INFO — Labeled and archived message ID 1958adeb05062b05 as @Later
2025-03-22 22:47:31,208 — INFO — Labeled and archived message ID 1958ad9f6b876379 as @Church
2025-03-22 22:47:32,519 — INFO — Labeled and archived message ID 1958ac35fecc03a6 as @Later
2025-03-22 22:47:33,802 — INFO — Labeled and archived message ID 1958a81a0d92c4bd as @Later
2025-03-22 22:47:35,135 — INFO — Labeled and archived message ID 1958a80b7fd2f17a as @Later
2025-03-22 22:47:36,538 — INFO — Labeled and archived message ID 1958a73c2083fff5 as @Later
2025-03-22 22:47:37,835 — INFO — Labeled and archived message ID 1958a57cc0855ea4 as @Church
2025-03-22 22:47:39,128 — INFO — Labeled and archived message ID 1958a4a53043ce3a as @Later
2025-03-22 22:47:40,460 — INFO — Labeled and archived message ID 19589f3ad9627b2b as @Later
2025-03-22 22:47:41,846 — INFO — Labeled and archived message ID 19588b0bb4894a9a as @Church
2025-03-22 22:47:43,150 — INFO — Labeled and archived message ID 195884be8c20901f as @Later
2025-03-22 22:47:44,460 — INFO — Labeled and archived message ID 1958791683b4e91e as @Church
2025-03-22 22:47:45,794 — INFO — Labeled and archived message ID 1958790859930271 as @Church
2025-03-22 22:47:47,296 — INFO — Labeled and archived message ID 19587904d576a03b as @Church
2025-03-22 22:47:48,620 — INFO — Labeled and archived message ID 195879021234c47c as @Church
2025-03-22 22:47:49,940 — INFO — Labeled and archived message ID 195877760c20551b as @Later
2025-03-22 22:47:51,326 — INFO — Labeled and archived message ID 195876bb88eb08cf as @Later
2025-03-23 17:08:24,482 — INFO — file_cache is only supported with oauth2client<4.0.0
2025-03-23 17:08:26,858 — INFO — Labeled and archived message ID 195c52cd587b3b75 as @Later
2025-03-23 17:08:28,271 — INFO — Labeled and archived message ID 1956e1619785b2b8 as @Church
2025-03-23 17:08:29,745 — INFO — Labeled and archived message ID 1956e01ff7d9d85e as @Delete
2025-03-23 17:08:31,161 — INFO — Labeled and archived message ID 1956db5484918965 as @Later
2025-03-23 17:08:32,883 — INFO — Labeled and archived message ID 1956da7cc501d955 as @Delete
2025-03-23 17:08:34,269 — INFO — Labeled and archived message ID 1956da6b9607c8cd as @Later
2025-03-23 17:08:35,662 — INFO — Labeled and archived message ID 1956d7ce472fe31c as @Church
2025-03-23 17:08:37,711 — INFO — Labeled and archived message ID 1956d6fae8dc6b68 as @Shopping
2025-03-23 17:08:39,121 — INFO — Labeled and archived message ID 1956d22839c5d201 as @Later
2025-03-23 17:08:40,521 — INFO — Labeled and archived message ID 1956d157555c1053 as @Delete
2025-03-23 17:08:42,380 — INFO — Labeled and archived message ID 1956d01963352c2d as @Later
2025-03-23 17:08:43,779 — INFO — Labeled and archived message ID 1956ce225dbbb958 as @Church
2025-03-23 17:08:45,172 — INFO — Labeled and archived message ID 1956cddfb7284a21 as @Later
2025-03-23 17:08:46,823 — INFO — Labeled and archived message ID 1956cb7432192aa4 as @AlpineDistrict
2025-03-23 17:08:48,306 — INFO — Labeled and archived message ID 1956ca293321eb20 as @AlpineDistrict
2025-03-23 17:08:49,683 — INFO — Labeled and archived message ID 1956c8b25a951fae as @Later
2025-03-23 17:08:51,085 — INFO — Labeled and archived message ID 1956c825621f4f11 as @AlpineDistrict
2025-03-23 17:08:52,486 — INFO — Labeled and archived message ID 1956c7766c8f6e61 as @Later
2025-03-23 17:08:53,869 — INFO — Labeled and archived message ID 1956c59249081af0 as @Later
2025-03-23 17:08:55,722 — INFO — Labeled and archived message ID 1956c5455acf85d4 as @Education
2025-03-23 17:08:57,362 — INFO — Labeled and archived message ID 1956c4f1313c476c as @Later
2025-03-23 17:08:58,834 — INFO — Labeled and archived message ID 1956c3a054205cfb as @Later
2025-03-23 17:09:00,532 — INFO — Labeled and archived message ID 1956c177d9a892b5 as @Church
2025-03-23 17:09:02,577 — INFO — Labeled and archived message ID 1956bfc51a065163 as @Later
2025-03-23 17:09:04,756 — INFO — Labeled and archived message ID 1956bf5e3fff0c84 as @Delete
2025-03-23 17:09:06,424 — INFO — Labeled and archived message ID 1956b5d2038e03ef as @Later
2025-03-23 17:09:08,366 — INFO — Labeled and archived message ID 1956b388749f27d9 as @Delete
2025-03-23 17:09:09,845 — INFO — Labeled and archived message ID 1956a990fd9ce294 as @Later
2025-03-23 17:09:11,643 — INFO — Labeled and archived message ID 1956a7bba51b3c70 as @Later
2025-03-23 17:09:13,065 — INFO — Labeled and archived message ID 1956a5363d23868e as @Later
2025-03-23 17:09:14,674 — INFO — Labeled and archived message ID 195699e98a37a468 as @Church
2025-03-23 17:09:16,466 — INFO — Labeled and archived message ID 195699de931daa67 as @Church
2025-03-23 17:09:17,953 — INFO — Labeled and archived message ID 195699a839553f0c as @Church
2025-03-23 17:09:19,355 — INFO — Labeled and archived message ID 19569911f60c4897 as @Church
2025-03-23 17:09:20,728 — INFO — Labeled and archived message ID 19569847c7556ea9 as @Church
2025-03-23 17:09:22,117 — INFO — Labeled and archived message ID 1956982d29110a0b as @Church
2025-03-23 17:09:23,575 — INFO — Labeled and archived message ID 195691738450dd9b as @AlpineDistrict
2025-03-23 17:09:24,977 — INFO — Labeled and archived message ID 19568fae62eb9355 as @Church
2025-03-23 17:09:26,351 — INFO — Labeled and archived message ID 19568e6b910deb62 as @Delete
2025-03-23 17:09:27,731 — INFO — Labeled and archived message ID 19568d294c49b550 as @Church
2025-03-23 17:09:29,102 — INFO — Labeled and archived message ID 19568d0ffa3ef8c4 as @Delete
2025-03-23 17:09:30,492 — INFO — Labeled and archived message ID 195687cbafe30e48 as @Delete
2025-03-23 17:09:31,929 — INFO — Labeled and archived message ID 195687ca70be308d as @Later
2025-03-23 17:09:33,342 — INFO — Labeled and archived message ID 19568297bd4809d9 as @Delete
2025-03-23 17:09:34,751 — INFO — Labeled and archived message ID 19567f736c046a54 as @Later
2025-03-23 17:09:36,166 — INFO — Labeled and archived message ID 19567f7125f5c5d1 as @Later
2025-03-23 17:09:37,578 — INFO — Labeled and archived message ID 19567c6eb9f22b0b as @Later
2025-03-23 17:09:38,983 — INFO — Labeled and archived message ID 19567bbcdfe185ba as @Church
2025-03-23 17:09:40,385 — INFO — Labeled and archived message ID 19567a4d9dbf52b4 as @Later
2025-03-23 17:09:41,803 — INFO — Labeled and archived message ID 195678e4cb9f30ce as @Delete
2025-03-23 17:09:43,194 — INFO — Labeled and archived message ID 195676df3cc75480 as @Later
2025-03-23 17:09:44,979 — INFO — Labeled and archived message ID 1956717b3b9d5727 as @Later
2025-03-23 17:09:46,423 — INFO — Labeled and archived message ID 1956712ee9884d0b as @Later
2025-03-23 17:09:47,907 — INFO — Labeled and archived message ID 195670cb8a4b97d2 as @Later
2025-03-23 17:09:49,306 — INFO — Labeled and archived message ID 195670c596914ec9 as @Later
2025-03-23 17:09:50,707 — INFO — Labeled and archived message ID 195670aee15a2555 as @Later
2025-03-23 17:09:52,089 — INFO — Labeled and archived message ID 19566fe0874b955e as @Delete
2025-03-23 17:09:53,495 — INFO — Labeled and archived message ID 19566e69943ac29e as @AlpineDistrict
2025-03-23 17:09:54,931 — INFO — Labeled and archived message ID 19566e44c6c300e5 as @Education
2025-03-23 17:09:56,327 — INFO — Labeled and archived message ID 19566e13e84be97e as @Later
2025-03-23 17:09:57,721 — INFO — Labeled and archived message ID 1956672a1147cc7e as @Later
2025-03-23 17:09:59,104 — INFO — Labeled and archived message ID 195664f21e614ec9 as @Delete
2025-03-23 17:10:00,511 — INFO — Labeled and archived message ID 195660c98c464201 as @Delete
2025-03-23 17:10:02,064 — INFO — Labeled and archived message ID 19564a6644cec0e0 as @Later
2025-03-23 17:10:03,442 — INFO — Labeled and archived message ID 19563c4f8ad3cfc4 as @Church
2025-03-23 17:10:04,880 — INFO — Labeled and archived message ID 19563ad21239bfcb as @Later
2025-03-23 17:10:06,669 — INFO — Labeled and archived message ID 19563a89188fdef6 as @Later
2025-03-23 17:10:08,081 — INFO — Labeled and archived message ID 19563790f991dd56 as @Later
2025-03-23 17:10:09,461 — INFO — Labeled and archived message ID 1956377828ff55ed as @AlpineDistrict
2025-03-23 17:10:10,846 — INFO — Labeled and archived message ID 195635b84a9aa51f as @Shopping
2025-03-23 17:10:12,269 — INFO — Labeled and archived message ID 195635ad425002bc as @Delete
2025-03-23 17:10:13,667 — INFO — Labeled and archived message ID 1956322ed9280bf2 as @Later
2025-03-23 17:10:15,051 — INFO — Labeled and archived message ID 1956307b801334d3 as @Later
2025-03-23 17:10:16,443 — INFO — Labeled and archived message ID 19562d0d79d41776 as @Later
2025-03-23 17:10:17,808 — INFO — Labeled and archived message ID 19562c933fc5453a as @Delete
2025-03-23 17:10:19,237 — INFO — Labeled and archived message ID 19562c7656861215 as @Later
2025-03-23 17:10:20,747 — INFO — Labeled and archived message ID 19562acdda1eee1d as @Later
2025-03-23 17:10:22,710 — INFO — Labeled and archived message ID 19562956b9fd8058 as @Church
2025-03-23 17:10:24,126 — INFO — Labeled and archived message ID 195625fbd9b6b397 as @Later
2025-03-23 17:10:25,512 — INFO — Labeled and archived message ID 1956252286ac161f as @Later
2025-03-23 17:10:26,884 — INFO — Labeled and archived message ID 1956241a543fc7e7 as @Shopping
2025-03-23 17:10:28,303 — INFO — Labeled and archived message ID 195622ee6b8ecd93 as @Delete
2025-03-23 17:10:29,719 — INFO — Labeled and archived message ID 195622bece7358de as @Later
2025-03-23 17:10:31,092 — INFO — Labeled and archived message ID 19562067971b3edf as @Later
2025-03-23 17:10:32,504 — INFO — Labeled and archived message ID 19561e2924cc32e9 as @Later
2025-03-23 17:10:33,911 — INFO — Labeled and archived message ID 19561cadbaa4e3c2 as @Later
2025-03-23 17:10:35,311 — INFO — Labeled and archived message ID 19561abc05ac9db1 as @Later
2025-03-23 17:10:36,720 — INFO — Labeled and archived message ID 19560f4d0833c6af as @Delete
2025-03-23 17:10:38,153 — INFO — Labeled and archived message ID 1955fa15a97b01ad as @Church
2025-03-23 17:10:39,532 — INFO — Labeled and archived message ID 1955f795394d347c as @Delete
2025-03-23 17:10:40,892 — INFO — Labeled and archived message ID 1955f5b41c9e4143 as @Later
2025-03-23 17:10:42,281 — INFO — Labeled and archived message ID 1955ed8796a2f996 as @Later
2025-03-23 17:10:43,672 — INFO — Labeled and archived message ID 1955eb6a3b6931a8 as @Church
2025-03-23 17:10:45,072 — INFO — Labeled and archived message ID 1955eabbf94afa85 as @AlpineDistrict
2025-03-23 17:10:46,471 — INFO — Labeled and archived message ID 1955e81772692fdd as @Delete
2025-03-23 17:10:47,867 — INFO — Labeled and archived message ID 1955e5b0b69467d5 as @Later
2025-03-23 17:10:49,243 — INFO — Labeled and archived message ID 1955e335be191324 as @Later
2025-03-23 17:10:50,639 — INFO — Labeled and archived message ID 1955e2206f1b422b as @Delete
2025-03-23 17:10:52,034 — INFO — Labeled and archived message ID 1955e1c8817fba34 as @Delete
2025-03-23 17:10:53,468 — INFO — Labeled and archived message ID 1955e0621767726f as @Later
2025-03-23 17:10:54,875 — INFO — Labeled and archived message ID 1955dd1086989b1c as @Delete
2025-03-23 17:10:56,463 — INFO — Labeled and archived message ID 1955d8eadc8f7c99 as @Later
2025-03-23 17:10:57,859 — INFO — Labeled and archived message ID 1955d74d12735bd0 as @Later
2025-03-23 17:10:59,249 — INFO — Labeled and archived message ID 1955d3626b836677 as @Later
2025-03-23 17:11:00,793 — INFO — Labeled and archived message ID 1955d2117062d4bf as @Later
2025-03-23 17:11:02,173 — INFO — Labeled and archived message ID 1955cd022417dafe as @Later
2025-03-23 17:11:03,556 — INFO — Labeled and archived message ID 1955cc763bd40e8e as @Later
2025-03-23 17:11:04,999 — INFO — Labeled and archived message ID 1955cc68b393418f as @Later
2025-03-23 17:11:06,377 — INFO — Labeled and archived message ID 1955cbf384211ad7 as @Later
2025-03-23 17:11:07,766 — INFO — Labeled and archived message ID 1955cbe97f7b9306 as @Later
2025-03-23 17:11:09,178 — INFO — Labeled and archived message ID 1955cac079615390 as @Later
2025-03-23 17:11:10,771 — INFO — Labeled and archived message ID 1955ca0be028960b as @Education
2025-03-23 17:11:12,167 — INFO — Labeled and archived message ID 1955c8d6b4aea007 as @Later
2025-03-23 17:11:13,547 — INFO — Labeled and archived message ID 1955c8787b168a9a as @Later
2025-03-23 17:11:14,931 — INFO — Labeled and archived message ID 1955c864609e7d2e as @Later
2025-03-23 17:11:16,360 — INFO — Labeled and archived message ID 1955c856ac58f5a3 as @Later
2025-03-23 17:11:17,761 — INFO — Labeled and archived message ID 1955c09d7707ae3e as @Later
2025-03-23 17:11:19,170 — INFO — Labeled and archived message ID 1955bf575ce539b1 as @Later
2025-03-23 17:11:20,608 — INFO — Labeled and archived message ID 1955bd595b4f8831 as @Delete
2025-03-23 17:11:22,114 — INFO — Labeled and archived message ID 1955bd1f0db7af00 as @Delete
2025-03-23 17:11:23,501 — INFO — Labeled and archived message ID 1955bcf62154b0c5 as @Later
2025-03-23 17:11:24,940 — INFO — Labeled and archived message ID 1955a339e79f2ec8 as @Church
2025-03-23 17:11:26,341 — INFO — Labeled and archived message ID 1955a1a5a4a40ba1 as @Later
2025-03-23 17:11:27,748 — INFO — Labeled and archived message ID 195597a5002c9418 as @Delete
2025-03-23 17:11:29,193 — INFO — Labeled and archived message ID 195594a8f7fb3333 as @Later
2025-03-23 17:11:30,571 — INFO — Labeled and archived message ID 19559423ae70e3c3 as @Later
2025-03-23 17:11:31,950 — INFO — Labeled and archived message ID 195589b1251d2875 as @Later
2025-03-23 17:11:33,373 — INFO — Labeled and archived message ID 19558878b30537ef as @Shopping
2025-03-23 17:11:34,752 — INFO — Labeled and archived message ID 195586954516eb1e as @Church
2025-03-23 17:11:36,424 — INFO — Labeled and archived message ID 19558207821296c5 as @Later
2025-03-23 17:11:37,862 — INFO — Labeled and archived message ID 1955808824474c81 as @Later
2025-03-23 17:11:39,463 — INFO — Labeled and archived message ID 19557c9f7b5fa8d0 as @Later
2025-03-23 17:11:40,859 — INFO — Labeled and archived message ID 19557c3ba7e5b9c2 as @Later
2025-03-23 17:11:42,274 — INFO — Labeled and archived message ID 19557c2caa8617b5 as @Later
2025-03-23 17:11:43,666 — INFO — Labeled and archived message ID 19557c2a41c65641 as @Later
2025-03-23 17:11:45,115 — INFO — Labeled and archived message ID 19557c28bd00c8b8 as @Later
2025-03-23 17:11:46,502 — INFO — Labeled and archived message ID 19557c285a59bb96 as @Later
2025-03-23 17:11:47,892 — INFO — Labeled and archived message ID 19557c27f760af60 as @Later
2025-03-23 17:11:49,297 — INFO — Labeled and archived message ID 19557c21301adabc as @Later
2025-03-23 17:11:50,728 — INFO — Labeled and archived message ID 19557bf4a0065dec as @Church
2025-03-23 17:11:52,116 — INFO — Labeled and archived message ID 19557a5449d653dc as @Church
2025-03-23 17:11:53,503 — INFO — Labeled and archived message ID 195579c8ca0d1ff7 as @Education
2025-03-23 17:11:54,934 — INFO — Labeled and archived message ID 19557976d5088fa8 as @Later
2025-03-23 17:11:56,307 — INFO — Labeled and archived message ID 195577bcd3d1d4f4 as @Later
2025-03-23 17:11:57,720 — INFO — Labeled and archived message ID 1955717fd07294d1 as @Delete
2025-03-23 17:11:59,255 — INFO — Labeled and archived message ID 1955702c4a0864a2 as @Later
2025-03-23 17:12:00,667 — INFO — Labeled and archived message ID 1955701d335cbd54 as @Later
2025-03-23 17:12:02,041 — INFO — Labeled and archived message ID 19556fac5545b398 as @Later
2025-03-23 17:12:03,422 — INFO — Labeled and archived message ID 19556ca8e3a10bdf as @Delete
2025-03-23 17:12:04,818 — INFO — Labeled and archived message ID 19556c8297a7af51 as @Church
2025-03-23 17:12:06,221 — INFO — Labeled and archived message ID 1955460d460d2eb7 as @Later
2025-03-23 17:12:07,599 — INFO — Labeled and archived message ID 19553e73383ed9b1 as @Later
2025-03-23 17:12:08,967 — INFO — Labeled and archived message ID 1955394f7d88079e as @Delete
2025-03-23 17:12:10,363 — INFO — Labeled and archived message ID 1955390a52e53bdf as @Delete
2025-03-23 17:12:11,789 — INFO — Labeled and archived message ID 195532942ef363b2 as @Later
2025-03-23 17:12:13,185 — INFO — Labeled and archived message ID 19552dab3e8accbf as @Later
2025-03-23 17:12:14,594 — INFO — Labeled and archived message ID 19552da45a58c634 as @Later
2025-03-23 17:12:15,987 — INFO — Labeled and archived message ID 19552b14a56251ec as @Later
2025-03-23 17:12:17,385 — INFO — Labeled and archived message ID 19552aef3be99dad as @Delete
2025-03-23 17:12:18,806 — INFO — Labeled and archived message ID 19552a6f6912d4e7 as @Later
2025-03-23 17:12:20,180 — INFO — Labeled and archived message ID 19552a6a3062b332 as @Later
2025-03-23 17:12:21,570 — INFO — Labeled and archived message ID 19552954d2fb02bb as @Delete
2025-03-23 17:12:22,960 — INFO — Labeled and archived message ID 19552743576f5924 as @Later
2025-03-23 17:12:24,418 — INFO — Labeled and archived message ID 1955261d49f2d066 as @Later
2025-03-23 17:12:25,799 — INFO — Labeled and archived message ID 195525a48ce5cc41 as @Later
2025-03-23 17:12:27,180 — INFO — Labeled and archived message ID 195524e929c2ad13 as @Church
2025-03-23 17:12:28,641 — INFO — Labeled and archived message ID 1955248b61530e01 as @Later
2025-03-23 17:12:30,038 — INFO — Labeled and archived message ID 19551f1e47b9de62 as @Later
2025-03-23 17:12:31,429 — INFO — Labeled and archived message ID 19551e38e26acd63 as @Later
2025-03-23 17:12:32,862 — INFO — Labeled and archived message ID 1955187d392a6733 as @Later
2025-03-23 17:12:34,297 — INFO — Labeled and archived message ID 1955174bb22cf0ef as @Delete
2025-03-23 17:12:35,690 — INFO — Labeled and archived message ID 1954fee4ffe929fc as @Later
2025-03-23 17:12:37,143 — INFO — Labeled and archived message ID 1954f1dd93ed3188 as @Delete
2025-03-23 17:12:38,529 — INFO — Labeled and archived message ID 1954f1cdd279443f as @Later
2025-03-23 17:12:39,922 — INFO — Labeled and archived message ID 1954f00f2ac5f9ab as @Later
2025-03-23 17:12:41,324 — INFO — Labeled and archived message ID 1954efbc7d002c41 as @Church
2025-03-23 17:12:42,721 — INFO — Labeled and archived message ID 1954ef7b14389002 as @Later
2025-03-23 17:12:44,101 — INFO — Labeled and archived message ID 1954edbcba7fdb8b as @Delete
2025-03-23 17:12:45,522 — INFO — Labeled and archived message ID 1954eb337c1171b5 as @Delete
2025-03-23 17:12:46,905 — INFO — Labeled and archived message ID 1954eaf08ae8617c as @Shopping
2025-03-23 17:12:48,301 — INFO — Labeled and archived message ID 1954ea8c346ffa72 as @Later
2025-03-23 17:12:49,657 — INFO — Labeled and archived message ID 1954ea73aaec3c97 as @Later
2025-03-23 17:12:51,055 — INFO — Labeled and archived message ID 1954e25f3e2eb8df as @Later
2025-03-23 17:12:52,437 — INFO — Labeled and archived message ID 1954e04aae3af9b7 as @Delete
2025-03-23 17:12:53,856 — INFO — Labeled and archived message ID 1954def7cf51a26e as @Delete
2025-03-23 17:12:55,224 — INFO — Labeled and archived message ID 1954d50fb8baa33f as @Delete
2025-03-23 17:12:56,606 — INFO — Labeled and archived message ID 1954d4e81519b4fc as @Later
2025-03-23 17:12:57,993 — INFO — Labeled and archived message ID 1954d135e7f16b60 as @Later
2025-03-23 17:12:59,382 — INFO — Labeled and archived message ID 1954cf6c1ad1fd2c as @Delete
2025-03-23 17:13:00,750 — INFO — Labeled and archived message ID 1954cea1d93702ba as @Education
2025-03-23 17:13:02,153 — INFO — Labeled and archived message ID 1954c5c87ca90e6f as @Delete
2025-03-23 17:13:03,592 — INFO — Labeled and archived message ID 1954c008f6fb466c as @Later
2025-03-23 17:13:04,980 — INFO — Labeled and archived message ID 1954b962d36fd045 as @Later
2025-03-23 17:13:06,375 — INFO — Labeled and archived message ID 1954ac458565ed80 as @Later
2025-03-23 17:13:07,750 — INFO — Labeled and archived message ID 1954a5dd4a4deafa as @Delete
2025-03-23 17:13:09,148 — INFO — Labeled and archived message ID 1954a2e17fbf4744 as @Later
2025-03-23 17:13:10,545 — INFO — Labeled and archived message ID 1954a12a4c008c19 as @Church
2025-03-23 17:13:11,932 — INFO — Labeled and archived message ID 19549df280d6ceb0 as @Later
2025-03-23 17:13:13,306 — INFO — Labeled and archived message ID 195499b0ca372903 as @Delete
2025-03-23 17:13:14,710 — INFO — Labeled and archived message ID 195497d9cffc11eb as @Church
2025-03-23 17:13:16,121 — INFO — Labeled and archived message ID 19549115431389dd as @Shopping
2025-03-23 17:13:17,493 — INFO — Labeled and archived message ID 1954908218097f1d as @Delete
2025-03-23 17:13:18,953 — INFO — Labeled and archived message ID 1954901975ca4bec as @Later
2025-03-23 17:13:20,375 — INFO — Labeled and archived message ID 19548d5bb5b5df8b as @Church
2025-03-23 17:13:21,747 — INFO — Labeled and archived message ID 19548c5dde7c9b82 as @Shopping
2025-03-23 17:13:23,127 — INFO — Labeled and archived message ID 19548c475452e11c as @Later
2025-03-23 17:13:24,528 — INFO — Labeled and archived message ID 19548767fb561ef6 as @Later
2025-03-23 17:13:25,909 — INFO — Labeled and archived message ID 195486c77f16d2a2 as @Church
2025-03-23 17:13:27,286 — INFO — Labeled and archived message ID 195485f6d7e39fac as @Later
2025-03-23 17:13:28,746 — INFO — Labeled and archived message ID 195483a63b995906 as @Later
2025-03-23 17:13:30,126 — INFO — Labeled and archived message ID 19548242579c92d5 as @AlpineDistrict
2025-03-23 17:13:31,495 — INFO — Labeled and archived message ID 1954823c6f71b8d6 as @Later
2025-03-23 17:13:33,139 — INFO — Labeled and archived message ID 19548234cff2f8e6 as @Delete
2025-03-23 17:13:34,544 — INFO — Labeled and archived message ID 1954820f6cee19d1 as @Later
2025-03-23 17:13:35,915 — INFO — Labeled and archived message ID 1954804ef24963e8 as @Education
2025-03-23 17:13:37,351 — INFO — Labeled and archived message ID 19547ec2989d0025 as @Delete
2025-03-23 17:13:38,724 — INFO — Labeled and archived message ID 19547ebfa4ee7a65 as @Later
2025-03-23 17:13:40,130 — INFO — Labeled and archived message ID 195473ae7830381a as @Delete
2025-03-23 17:13:41,575 — INFO — Labeled and archived message ID 19546973e15a76a5 as @Later
2025-03-23 17:13:42,981 — INFO — Labeled and archived message ID 19544b43f24efd99 as @Delete
2025-03-23 17:13:44,380 — INFO — Labeled and archived message ID 19544ab143719178 as @Later
2025-03-23 17:13:45,769 — INFO — Labeled and archived message ID 195446bf12ee3be3 as @Delete
2025-03-23 17:13:47,175 — INFO — Labeled and archived message ID 195446baaeb0bc41 as @Delete
2025-03-23 17:13:48,561 — INFO — Labeled and archived message ID 195440c4323a720a as @Shopping
2025-03-23 17:13:49,963 — INFO — Labeled and archived message ID 19543af2f5c604ae as @Church
2025-03-23 17:13:51,342 — INFO — Labeled and archived message ID 19543a73d078b1e3 as @Later
2025-03-23 17:13:52,752 — INFO — Labeled and archived message ID 1954396382fa97ca as @Delete
2025-03-23 17:13:54,138 — INFO — Labeled and archived message ID 1954376f5e5f8bc1 as @Later
2025-03-23 17:13:55,511 — INFO — Labeled and archived message ID 195435153ba87f03 as @Delete
2025-03-23 17:13:56,920 — INFO — Labeled and archived message ID 195434754fdeea2f as @Later
2025-03-23 17:13:58,327 — INFO — Labeled and archived message ID 19542f2846999507 as @Church
2025-03-23 17:13:59,710 — INFO — Labeled and archived message ID 19542f0958d917d1 as @Delete
2025-03-23 17:14:01,100 — INFO — Labeled and archived message ID 19542c5a84005c82 as @Later
2025-03-23 17:14:02,545 — INFO — Labeled and archived message ID 19542672ad04d94c as @Delete
2025-03-23 17:14:03,981 — INFO — Labeled and archived message ID 1954216b2453a7c4 as @Delete
2025-03-23 17:14:05,375 — INFO — Labeled and archived message ID 195409b91dc528a7 as @Church
2025-03-23 17:14:06,775 — INFO — Labeled and archived message ID 195406b4fbf03a36 as @Later
2025-03-23 17:14:08,166 — INFO — Labeled and archived message ID 195402923e098e83 as @Later
2025-03-23 17:14:09,534 — INFO — Labeled and archived message ID 1953fa913720b606 as @Church
2025-03-23 17:14:10,951 — INFO — Labeled and archived message ID 1953f99bc9739c75 as @Later
2025-03-23 17:14:12,408 — INFO — Labeled and archived message ID 1953f67f617b5b74 as @Delete
2025-03-23 17:14:13,809 — INFO — Labeled and archived message ID 1953f452f10c04cb as @Shopping
2025-03-23 17:14:15,190 — INFO — Labeled and archived message ID 1953f2c229f53380 as @Church
2025-03-23 17:14:16,641 — INFO — Labeled and archived message ID 1953f157f9d83069 as @Delete
2025-03-23 17:14:18,033 — INFO — Labeled and archived message ID 1953efaf72bc8e43 as @Later
2025-03-23 17:14:19,435 — INFO — Labeled and archived message ID 1953eeaf772671fc as @Later
2025-03-23 17:14:20,865 — INFO — Labeled and archived message ID 1953e88d2eb85cef as @Church
2025-03-23 17:14:22,260 — INFO — Labeled and archived message ID 1953e369757cdfff as @Later
2025-03-23 17:14:24,577 — INFO — Labeled and archived message ID 1953e249ead2ec3a as @Later
2025-03-23 17:14:27,705 — INFO — Labeled and archived message ID 1953df31692aab17 as @Later
2025-03-23 17:14:29,084 — INFO — Labeled and archived message ID 1953dd83ebbea956 as @Later
2025-03-23 17:14:30,592 — INFO — Labeled and archived message ID 1953d9f55dabd25c as @Later
2025-03-23 17:14:32,201 — INFO — Labeled and archived message ID 1953ce802165fe17 as @Delete
2025-03-23 17:14:33,583 — INFO — Labeled and archived message ID 1953b9e3852bd61f as @Delete
2025-03-23 17:14:34,970 — INFO — Labeled and archived message ID 1953ad0a8490e87b as @Later
2025-03-23 17:14:36,354 — INFO — Labeled and archived message ID 1953accbfcf553d2 as @Delete
2025-03-23 17:14:37,728 — INFO — Labeled and archived message ID 1953aa7e11a98e0f as @Later
2025-03-23 17:14:39,201 — INFO — Labeled and archived message ID 1953a9efe9eac477 as @AlpineDistrict
2025-03-23 17:14:40,593 — INFO — Labeled and archived message ID 1953a9b2e39bbe4f as @Later
2025-03-23 17:14:41,986 — INFO — Labeled and archived message ID 1953a6176cab8124 as @Church
2025-03-23 17:14:43,448 — INFO — Labeled and archived message ID 1953a5c185c321ef as @Delete
2025-03-23 17:14:44,822 — INFO — Labeled and archived message ID 1953a44f1c2b46bd as @Church
2025-03-23 17:14:46,227 — INFO — Labeled and archived message ID 1953a35e0c7b1e03 as @Delete
2025-03-23 17:14:47,688 — INFO — Labeled and archived message ID 19539ca713e7e9fc as @Later
2025-03-23 17:14:49,093 — INFO — Labeled and archived message ID 19539c6e53462f0a as @Delete
2025-03-23 17:14:50,558 — INFO — Labeled and archived message ID 195397ba8629dbae as @Shopping
2025-03-23 17:14:51,993 — INFO — Labeled and archived message ID 195393578b9526ea as @Delete
2025-03-23 17:14:53,403 — INFO — Labeled and archived message ID 1953929502a40d98 as @Education
2025-03-23 17:14:55,133 — INFO — Labeled and archived message ID 1953916987d8577f as @Later
2025-03-23 17:14:56,508 — INFO — Labeled and archived message ID 19539076aa7cc694 as @Later
2025-03-23 17:14:58,230 — INFO — Labeled and archived message ID 19538fc9b1522b0b as @Later
2025-03-23 17:14:59,655 — INFO — Labeled and archived message ID 19538cd5cf95ab33 as @Later
2025-03-23 17:15:01,056 — INFO — Labeled and archived message ID 19538b15c49e23a2 as @Later
2025-03-23 17:15:02,430 — INFO — Labeled and archived message ID 195387a0bab43003 as @Later
2025-03-23 17:15:03,821 — INFO — Labeled and archived message ID 195381e98cec03d8 as @Delete
2025-03-23 17:15:05,194 — INFO — Labeled and archived message ID 19537fd3f121242d as @Later
2025-03-23 17:15:06,562 — INFO — Labeled and archived message ID 19537f1311e29537 as @Later
2025-03-23 17:15:08,243 — INFO — Labeled and archived message ID 19537db74ada1945 as @Later
2025-03-23 17:15:10,030 — INFO — Labeled and archived message ID 19537c46d8e51079 as @Delete
2025-03-23 17:15:11,424 — INFO — Labeled and archived message ID 19537c247fa09003 as @Delete
2025-03-23 17:15:12,851 — INFO — Labeled and archived message ID 195361fa29a85dcc as @Later
2025-03-23 17:15:14,230 — INFO — Labeled and archived message ID 19534d1a13a7c971 as @Later
2025-03-23 17:15:15,612 — INFO — Labeled and archived message ID 19534b7fcdd8dd3f as @Delete
2025-03-23 17:15:16,990 — INFO — Labeled and archived message ID 195349547cb708d1 as @Later
2025-03-23 17:15:18,384 — INFO — Labeled and archived message ID 195347459e029583 as @Shopping
2025-03-23 17:15:19,763 — INFO — Labeled and archived message ID 195338b679622319 as @Later
2025-03-23 17:15:21,163 — INFO — Labeled and archived message ID 195338acb14ec576 as @Later
2025-03-23 17:15:22,550 — INFO — Labeled and archived message ID 19533695be755a63 as @Church
2025-03-23 17:15:23,944 — INFO — Labeled and archived message ID 195330abdbca5679 as @Church
2025-03-23 17:15:25,318 — INFO — Labeled and archived message ID 1953308d5c69ee7a as @Delete
2025-03-23 17:15:26,696 — INFO — Labeled and archived message ID 19532ed6a2c406ec as @Later
2025-03-23 17:15:28,082 — INFO — Labeled and archived message ID 19532d2386cfb738 as @Delete
2025-03-23 17:15:29,598 — INFO — Labeled and archived message ID 19532bba6cff6e48 as @Church
2025-03-23 17:15:31,206 — INFO — Labeled and archived message ID 1953203096a8463c as @Later
2025-03-23 17:15:32,581 — INFO — Labeled and archived message ID 195318153673a97c as @Later
2025-03-23 17:15:34,020 — INFO — Labeled and archived message ID 19530dc863655ec5 as @Later
2025-03-23 17:15:35,625 — INFO — Labeled and archived message ID 1953028201329f9c as @Delete
2025-03-23 17:15:37,043 — INFO — Labeled and archived message ID 19530116ac51512f as @Later
2025-03-23 17:15:38,573 — INFO — Labeled and archived message ID 1952fa67cd8bf582 as @Later
2025-03-23 17:15:39,954 — INFO — Labeled and archived message ID 1952fa640bf85564 as @Later
2025-03-23 17:15:41,378 — INFO — Labeled and archived message ID 1952fa63720aa7ca as @Later
2025-03-23 17:15:42,758 — INFO — Labeled and archived message ID 1952fa5eae37eb03 as @Later
2025-03-23 17:15:44,226 — INFO — Labeled and archived message ID 1952fa5dfc57cb06 as @Later
2025-03-23 17:15:45,616 — INFO — Labeled and archived message ID 1952fa5ced35eb4f as @Later
2025-03-23 17:15:47,013 — INFO — Labeled and archived message ID 1952fa552f2c52fe as @Later
2025-03-23 17:15:48,581 — INFO — Labeled and archived message ID 1952fa52f722c5e3 as @Later
2025-03-23 17:15:49,995 — INFO — Labeled and archived message ID 1952fa49262dee2f as @Later
2025-03-23 17:15:51,483 — INFO — Labeled and archived message ID 1952f904fc8bbad7 as @Later
2025-03-23 17:15:53,364 — INFO — Labeled and archived message ID 1952f84730b9e906 as @Delete
2025-03-23 17:15:55,196 — INFO — Labeled and archived message ID 1952f5dbab307a0f as @Later
2025-03-23 17:15:56,622 — INFO — Labeled and archived message ID 1952ee813b27c78b as @Church
2025-03-23 17:15:58,067 — INFO — Labeled and archived message ID 1952ec7d7ce9be8a as @Later
2025-03-23 17:15:59,451 — INFO — Labeled and archived message ID 1952ebc784d75373 as @Delete
2025-03-23 17:16:01,027 — INFO — Labeled and archived message ID 1952ead5c5f80da8 as @Later
2025-03-23 17:16:02,409 — INFO — Labeled and archived message ID 1952ea6587074819 as @Later
2025-03-23 17:16:03,822 — INFO — Labeled and archived message ID 1952e9ba303b777f as @Later
2025-03-23 17:16:05,205 — INFO — Labeled and archived message ID 1952e90a24363217 as @Later
2025-03-23 17:16:06,593 — INFO — Labeled and archived message ID 1952e7aa88c10b78 as @Delete
2025-03-23 17:16:08,031 — INFO — Labeled and archived message ID 1952e69aa2f756cb as @Church
2025-03-23 17:16:09,424 — INFO — Labeled and archived message ID 1952e66beb3fd7a2 as @Later
2025-03-23 17:16:10,974 — INFO — Labeled and archived message ID 1952e63e49c79510 as @Later
2025-03-23 17:16:12,360 — INFO — Labeled and archived message ID 1952e4d98f5d77ba as @Later
2025-03-23 17:16:13,774 — INFO — Labeled and archived message ID 1952e3e2c89f7390 as @Later
2025-03-23 17:16:15,219 — INFO — Labeled and archived message ID 1952e0c8bb88da4e as @Later
2025-03-23 17:16:16,612 — INFO — Labeled and archived message ID 1952def461f01a28 as @Later
2025-03-23 17:16:18,058 — INFO — Labeled and archived message ID 1952ddba8473b5a6 as @Later
2025-03-23 17:16:19,472 — INFO — Labeled and archived message ID 1952d66f640396d9 as @Delete
2025-03-23 17:16:20,869 — INFO — Labeled and archived message ID 1952b2bb78dce64c as @Later
2025-03-23 17:16:22,280 — INFO — Labeled and archived message ID 1952b21c73d946ec as @Later
2025-03-23 17:16:23,653 — INFO — Labeled and archived message ID 1952af6461cf8013 as @AlpineDistrict
2025-03-23 17:16:25,041 — INFO — Labeled and archived message ID 1952aed4a82f4b0f as @Church
2025-03-23 17:16:26,430 — INFO — Labeled and archived message ID 1952ada39360d69c as @Delete
2025-03-23 17:16:27,806 — INFO — Labeled and archived message ID 1952ac66d95a9177 as @Later
2025-03-23 17:16:29,188 — INFO — Labeled and archived message ID 1952ac10db7609bc as @Later
2025-03-23 17:16:30,786 — INFO — Labeled and archived message ID 1952aab9596d2b42 as @Delete
2025-03-23 17:16:32,191 — INFO — Labeled and archived message ID 1952a7d3459a2c20 as @Later
2025-03-23 17:16:33,591 — INFO — Labeled and archived message ID 1952a71608d09afa as @Later
2025-03-23 17:16:35,026 — INFO — Labeled and archived message ID 1952a3c4a9d5eea0 as @Delete
2025-03-23 17:16:36,408 — INFO — Labeled and archived message ID 1952a21b66ec8544 as @Later
2025-03-23 17:16:37,870 — INFO — Labeled and archived message ID 19529a14464c0b08 as @Later
2025-03-23 17:16:39,257 — INFO — Labeled and archived message ID 195299b488110b55 as @Later
2025-03-23 17:16:40,691 — INFO — Labeled and archived message ID 1952949c78fbf0dd as @Later
2025-03-23 17:16:42,084 — INFO — Labeled and archived message ID 195293daf839f85a as @Later
2025-03-23 17:16:43,470 — INFO — Labeled and archived message ID 19528a2e62cf0c03 as @Later
2025-03-23 17:16:44,882 — INFO — Labeled and archived message ID 19528560447d89d0 as @Delete
2025-03-23 17:16:46,305 — INFO — Labeled and archived message ID 19527027829fe512 as @Church
2025-03-23 17:16:47,706 — INFO — Labeled and archived message ID 19526b7e16d361b4 as @Later
2025-03-23 17:16:49,097 — INFO — Labeled and archived message ID 195267e2572c0529 as @Delete
2025-03-23 17:16:50,533 — INFO — Labeled and archived message ID 1952665101aef567 as @Later
2025-03-23 17:16:51,996 — INFO — Labeled and archived message ID 1952632a60f958ee as @Later
2025-03-23 17:16:53,392 — INFO — Labeled and archived message ID 19525e8b24eaf644 as @Later
2025-03-23 17:16:54,787 — INFO — Labeled and archived message ID 19525e5634ddd0bd as @Church
2025-03-23 17:16:56,208 — INFO — Labeled and archived message ID 19525e10c787e0ca as @Delete
2025-03-23 17:16:57,606 — INFO — Labeled and archived message ID 19525d67b05d124a as @Later
2025-03-23 17:16:59,141 — INFO — Labeled and archived message ID 1952596f2ea24037 as @Later
2025-03-23 17:17:00,574 — INFO — Labeled and archived message ID 195258a919e5f1a8 as @Delete
2025-03-23 17:17:01,952 — INFO — Labeled and archived message ID 19525770f58b22cc as @Later
2025-03-23 17:17:03,346 — INFO — Labeled and archived message ID 19525742ca811dc9 as @Later
2025-03-23 17:17:04,736 — INFO — Labeled and archived message ID 1952556d59f35677 as @Later
2025-03-23 17:17:06,190 — INFO — Labeled and archived message ID 1952556b8ccef16a as @AlpineDistrict
2025-03-23 17:17:07,568 — INFO — Labeled and archived message ID 19525463c8df4e73 as @Later
2025-03-23 17:17:08,952 — INFO — Labeled and archived message ID 195254636dca331c as @Later
2025-03-23 17:17:10,338 — INFO — Labeled and archived message ID 195251b775c238e4 as @Later
2025-03-23 17:17:11,759 — INFO — Labeled and archived message ID 19524f68cfafdd8d as @Later
2025-03-23 17:17:13,139 — INFO — Labeled and archived message ID 19524e904779d00c as @Later
2025-03-23 17:17:14,538 — INFO — Labeled and archived message ID 19524c914bba2a16 as @Church
2025-03-23 17:17:15,930 — INFO — Labeled and archived message ID 19524b1f29cb8471 as @Later
2025-03-23 17:17:17,333 — INFO — Labeled and archived message ID 1952474950b2337b as @Later
2025-03-23 17:17:18,716 — INFO — Labeled and archived message ID 19524616cb3f2efa as @Later
2025-03-23 17:17:20,109 — INFO — Labeled and archived message ID 19524584f6b956d1 as @Later
2025-03-23 17:17:21,499 — INFO — Labeled and archived message ID 195244e1ef3d3093 as @AlpineDistrict
2025-03-23 17:17:22,932 — INFO — Labeled and archived message ID 19524494222a3d21 as @Education
2025-03-23 17:17:24,331 — INFO — Labeled and archived message ID 195242471a0bd01b as @Later
2025-03-23 17:17:25,768 — INFO — Labeled and archived message ID 195241b6ea5fa934 as @Later
2025-03-23 17:17:27,180 — INFO — Labeled and archived message ID 195240d0b5f8904b as @Later
2025-03-23 17:17:28,554 — INFO — Labeled and archived message ID 19523e66e0f569f1 as @Delete
2025-03-23 17:17:29,945 — INFO — Labeled and archived message ID 19523e6485114dfb as @Later
2025-03-23 17:17:31,318 — INFO — Labeled and archived message ID 19523df7e22ee26a as @Later
2025-03-23 17:17:32,730 — INFO — Labeled and archived message ID 19523dad71e01fd8 as @Later
2025-03-23 17:17:34,134 — INFO — Labeled and archived message ID 19523b8205629f4c as @Later
2025-03-23 17:17:35,512 — INFO — Labeled and archived message ID 1952386496ed7602 as @Delete
2025-03-23 17:17:36,906 — INFO — Labeled and archived message ID 19523684976d8f50 as @Later
2025-03-23 17:17:38,299 — INFO — Labeled and archived message ID 1952324c45cbb0f7 as @Delete
2025-03-23 17:17:39,746 — INFO — Labeled and archived message ID 19522d02e7e3f7d4 as @Later
2025-03-23 17:17:41,127 — INFO — Labeled and archived message ID 19522ce8da241cc8 as @Later
2025-03-23 17:17:42,510 — INFO — Labeled and archived message ID 195228e818f38783 as @Later
2025-03-23 17:17:43,888 — INFO — Labeled and archived message ID 195218f9c52451a4 as @Later
2025-03-23 17:17:45,303 — INFO — Labeled and archived message ID 19521838c41291c0 as @Later
2025-03-23 17:17:46,681 — INFO — Labeled and archived message ID 195214e75e12cafe as @Later
2025-03-23 17:17:48,078 — INFO — Labeled and archived message ID 1952127c239a8c4f as @Later
2025-03-23 17:17:49,466 — INFO — Labeled and archived message ID 19520fcba0a31372 as @AlpineDistrict
2025-03-23 17:17:50,865 — INFO — Labeled and archived message ID 19520e3ecb23fde9 as @Later
2025-03-23 17:17:52,255 — INFO — Labeled and archived message ID 195209e71a16170c as @Later
2025-03-23 17:17:53,638 — INFO — Labeled and archived message ID 195209cf75141c25 as @Later
2025-03-23 17:17:55,023 — INFO — Labeled and archived message ID 195209b1e8c331ea as @Later
2025-03-23 17:17:56,484 — INFO — Labeled and archived message ID 19520910ef7a8e55 as @Shopping
2025-03-23 17:17:57,878 — INFO — Labeled and archived message ID 195207ffcd14126b as @Delete
2025-03-23 17:17:59,255 — INFO — Labeled and archived message ID 195207d95f52fca3 as @Shopping
2025-03-23 17:18:00,656 — INFO — Labeled and archived message ID 1952067edd9c9016 as @Delete
2025-03-23 17:18:02,035 — INFO — Labeled and archived message ID 19520564895c5f0d as @Later
2025-03-23 17:18:03,398 — INFO — Labeled and archived message ID 195204d9ed68c1b7 as @Later
2025-03-23 17:18:04,763 — INFO — Labeled and archived message ID 1951fd8156eb34d4 as @Shopping
2025-03-23 17:18:06,152 — INFO — Labeled and archived message ID 1951fd54465db050 as @Delete
2025-03-23 17:18:07,543 — INFO — Labeled and archived message ID 1951fcd733aac17e as @AlpineDistrict
2025-03-23 17:18:08,972 — INFO — Labeled and archived message ID 1951fa32d3e403b7 as @Church
2025-03-23 17:18:10,352 — INFO — Labeled and archived message ID 1951f3642cda59d3 as @Delete
2025-03-23 17:18:11,726 — INFO — Labeled and archived message ID 1951efc377058127 as @Later
2025-03-23 17:18:13,102 — INFO — Labeled and archived message ID 1951ef51b7da47e4 as @Later
2025-03-23 17:18:14,484 — INFO — Labeled and archived message ID 1951ee25dfa0d937 as @Delete
2025-03-23 17:18:15,860 — INFO — Labeled and archived message ID 1951ee04c87cce8b as @Church
2025-03-23 17:18:17,254 — INFO — Labeled and archived message ID 1951e989f69ab79a as @Delete
2025-03-23 17:18:18,632 — INFO — Labeled and archived message ID 1951e15e6f3b8e83 as @Delete
2025-03-23 17:18:20,035 — INFO — Labeled and archived message ID 1951e0968d2bda4b as @Delete
2025-03-23 17:18:21,534 — INFO — Labeled and archived message ID 1951c1ceccecf1d1 as @Later
2025-03-23 17:18:22,936 — INFO — Labeled and archived message ID 1951c044ede828ab as @Later
2025-03-23 17:18:24,324 — INFO — Labeled and archived message ID 1951b878dd01dd1e as @Later
2025-03-23 17:18:25,741 — INFO — Labeled and archived message ID 1951b614df8f2bcb as @Church
2025-03-23 17:18:27,155 — INFO — Labeled and archived message ID 1951b4bff7b23037 as @Later
2025-03-23 17:18:28,580 — INFO — Labeled and archived message ID 1951b41b647df5d5 as @Delete
2025-03-23 17:18:29,998 — INFO — Labeled and archived message ID 1951b10c2b018639 as @Shopping
2025-03-23 17:18:31,383 — INFO — Labeled and archived message ID 1951b03700200ce0 as @Later
2025-03-23 17:18:32,797 — INFO — Labeled and archived message ID 1951aee97d9b595a as @Later
2025-03-23 17:18:34,164 — INFO — Labeled and archived message ID 1951addd904c6376 as @Later
2025-03-23 17:18:35,544 — INFO — Labeled and archived message ID 1951ad74860749df as @Later
2025-03-23 17:18:36,931 — INFO — Labeled and archived message ID 1951a9c2587c8c7b as @Later
2025-03-23 17:18:38,313 — INFO — Labeled and archived message ID 1951a80ab3f1254a as @Later
2025-03-23 17:18:39,693 — INFO — Labeled and archived message ID 1951a7c550fd7a3d as @Church
2025-03-23 17:18:41,104 — INFO — Labeled and archived message ID 1951a38aeecfcdd4 as @Later
2025-03-23 17:18:42,506 — INFO — Labeled and archived message ID 1951a2e25b83766b as @Later
2025-03-23 17:18:43,900 — INFO — Labeled and archived message ID 1951a2d27efbc7b2 as @AlpineDistrict
2025-03-23 17:18:45,304 — INFO — Labeled and archived message ID 1951a14090fd0678 as @Later
2025-03-23 17:18:46,674 — INFO — Labeled and archived message ID 1951a0b5494c8725 as @Shopping
2025-03-23 17:18:48,065 — INFO — Labeled and archived message ID 1951a06bccbc0ca7 as @Later
2025-03-23 17:18:49,464 — INFO — Labeled and archived message ID 19519e5a8d81ae29 as @Education
2025-03-23 17:18:50,869 — INFO — Labeled and archived message ID 19519da2181b5456 as @Later
2025-03-23 17:18:52,263 — INFO — Labeled and archived message ID 19519d7aaf85cfd7 as @Later
2025-03-23 17:18:53,653 — INFO — Labeled and archived message ID 19519aa1a2bba6dc as @Later
2025-03-23 17:18:55,026 — INFO — Labeled and archived message ID 19519a4ea2d138a0 as @Later
2025-03-23 17:18:56,418 — INFO — Labeled and archived message ID 1951993b77372c40 as @Later
2025-03-23 17:18:57,813 — INFO — Labeled and archived message ID 1951992c17f481a1 as @Later
2025-03-23 17:18:59,223 — INFO — Labeled and archived message ID 195193e2844bfc33 as @Delete
2025-03-23 17:19:00,616 — INFO — Labeled and archived message ID 19518d8e1fdbe567 as @Delete
2025-03-23 17:19:02,041 — INFO — Labeled and archived message ID 19517e46d670df99 as @Later
2025-03-23 17:19:03,424 — INFO — Labeled and archived message ID 195179630a1e288d as @Delete
2025-03-23 17:19:04,832 — INFO — Labeled and archived message ID 1951694319543727 as @Delete
2025-03-23 17:19:06,224 — INFO — Labeled and archived message ID 195169218be005c5 as @AlpineDistrict
2025-03-23 17:19:07,612 — INFO — Labeled and archived message ID 1951669a0dc06331 as @Later
2025-03-23 17:19:08,999 — INFO — Labeled and archived message ID 195163808808dbde as @Church
2025-03-23 17:19:10,394 — INFO — Labeled and archived message ID 195162691cbf05c6 as @Later
2025-03-23 17:19:11,773 — INFO — Labeled and archived message ID 19515d84b8ba20d6 as @Church
2025-03-23 17:19:13,203 — INFO — Labeled and archived message ID 19515d1d7b2f55d6 as @Delete
2025-03-23 17:19:14,588 — INFO — Labeled and archived message ID 19515bd0d0a46148 as @Delete
2025-03-23 17:19:15,987 — INFO — Labeled and archived message ID 195155dd0fd10a5a as @Later
2025-03-23 17:19:17,401 — INFO — Labeled and archived message ID 195151a7621ffa09 as @Later
2025-03-23 17:19:18,830 — INFO — Labeled and archived message ID 19514ec4930793c3 as @Education
2025-03-23 17:19:20,207 — INFO — Labeled and archived message ID 19514e3ccd9448d3 as @Delete
2025-03-23 17:19:21,627 — INFO — Labeled and archived message ID 19514cda01e82fc8 as @Later
2025-03-23 17:19:23,015 — INFO — Labeled and archived message ID 19514b7bb243c985 as @Later
2025-03-23 17:19:24,398 — INFO — Labeled and archived message ID 19514919fef23682 as @Church
2025-03-23 17:19:25,826 — INFO — Labeled and archived message ID 19514723f607d499 as @Later
2025-03-23 17:19:27,236 — INFO — Labeled and archived message ID 195143a91e832254 as @Church
2025-03-23 17:19:28,596 — INFO — Labeled and archived message ID 195140a1e119c792 as @Later
2025-03-23 17:19:29,984 — INFO — Labeled and archived message ID 19513f0f28ea6f72 as @Later
2025-03-23 17:19:31,369 — INFO — Labeled and archived message ID 19513ef605c50be0 as @Later
2025-03-23 17:19:32,761 — INFO — Labeled and archived message ID 19513b8b9f259146 as @Delete
2025-03-23 17:19:34,182 — INFO — Labeled and archived message ID 19513b7d28ac57be as @Delete
2025-03-23 17:19:35,567 — INFO — Labeled and archived message ID 19511544155f3ed6 as @Delete
2025-03-23 17:19:36,960 — INFO — Labeled and archived message ID 1951108d5208dd63 as @Later
2025-03-23 17:19:38,353 — INFO — Labeled and archived message ID 1951090d33c454cc as @Later
2025-03-23 17:19:39,762 — INFO — Labeled and archived message ID 1950ffb27a30951f as @Church
2025-03-23 17:19:41,137 — INFO — Labeled and archived message ID 1950f8afed932184 as @Later
2025-03-23 17:19:42,535 — INFO — Labeled and archived message ID 1950f80c20484bee as @Later
2025-03-23 17:19:43,953 — INFO — Labeled and archived message ID 1950f1eaaffed376 as @Later
2025-03-23 17:19:45,309 — INFO — Labeled and archived message ID 1950f015ef596c1a as @Delete
2025-03-23 17:19:46,708 — INFO — Labeled and archived message ID 1950ec1b11750c0d as @Delete
2025-03-23 17:19:48,146 — INFO — Labeled and archived message ID 1950eaf2721cb9e7 as @Church
2025-03-23 17:19:49,658 — INFO — Labeled and archived message ID 1950d8d8c7987c0f as @Later
2025-03-23 17:19:51,055 — INFO — Labeled and archived message ID 1950cfb6ffbd491c as @Church
2025-03-23 17:19:52,446 — INFO — Labeled and archived message ID 1950cb2c3e99e5bc as @Church
2025-03-23 17:19:53,850 — INFO — Labeled and archived message ID 1950b94263e7aa9e as @Later
2025-03-23 17:19:55,230 — INFO — Labeled and archived message ID 1950b768a098cc74 as @Later
2025-03-23 17:19:56,650 — INFO — Labeled and archived message ID 1950b767caafe85d as @Delete
2025-03-23 17:19:58,036 — INFO — Labeled and archived message ID 1950b39c9c88c51f as @Later
2025-03-23 17:19:59,440 — INFO — Labeled and archived message ID 1950ad5fab3c314a as @Delete
2025-03-23 17:20:00,854 — INFO — Labeled and archived message ID 1950ac6496b8a170 as @Later
2025-03-23 17:20:02,288 — INFO — Labeled and archived message ID 1950a79bf4b62906 as @Delete
2025-03-23 17:20:03,663 — INFO — Labeled and archived message ID 1950a28a861f8a8a as @Church
2025-03-23 17:20:05,030 — INFO — Labeled and archived message ID 1950a279246cb013 as @Education
2025-03-23 17:20:06,404 — INFO — Labeled and archived message ID 1950a211d9451277 as @Later
2025-03-23 17:20:07,790 — INFO — Labeled and archived message ID 1950a143312b8c86 as @Later
2025-03-23 17:20:09,252 — INFO — Labeled and archived message ID 19509dbc94f4bc00 as @Later
2025-03-23 17:20:10,656 — INFO — Labeled and archived message ID 195094af51e675b8 as @Delete
2025-03-23 17:20:12,050 — INFO — Labeled and archived message ID 19508a1fe2a43cf7 as @Later
2025-03-23 17:20:13,450 — INFO — Labeled and archived message ID 19507957036f399c as @Later
2025-03-23 17:20:14,831 — INFO — Labeled and archived message ID 195077de02acd0b0 as @Delete
2025-03-23 17:20:16,219 — INFO — Labeled and archived message ID 19507051aa20a586 as @Later
2025-03-23 17:20:17,600 — INFO — Labeled and archived message ID 19506d6446e6038a as @AlpineDistrict
2025-03-23 17:20:18,991 — INFO — Labeled and archived message ID 19506d26ace7e1e0 as @Church
2025-03-23 17:20:20,787 — INFO — Labeled and archived message ID 19506d157019b779 as @Delete
2025-03-23 17:20:22,202 — INFO — Labeled and archived message ID 19506a219a2c0952 as @Later
