2025-03-22 22:51:52,444 — INFO — "GET /?state=vV4YEfc8mcGFsgCgb6vD1cV8DMyVo3&code=4/0AQSTgQHiXHy6x1zA9ko8oBNtaTWwDjDSGzcTtR1NW3izTKdMhEx_CvBHNpY-hcdicTiS9g&scope=https://www.googleapis.com/auth/gmail.modify HTTP/1.1" 200 65
2025-03-22 22:51:52,778 — INFO — file_cache is only supported with oauth2client<4.0.0
2025-03-22 22:51:55,924 — INFO — Labeled and archived message ID 1958766c6148cb97 as @Later
2025-03-22 22:51:57,251 — INFO — Labeled and archived message ID 1958738d2a7d71ea as @Later
2025-03-22 22:51:58,602 — INFO — Labeled and archived message ID 195872baeaf81fbd as @Later
2025-03-22 22:51:59,987 — INFO — Labeled and archived message ID 195871f7872fc48b as @Later
2025-03-22 22:52:01,318 — INFO — Labeled and archived message ID 1958700b965e5dac as @Church
2025-03-22 22:52:02,623 — INFO — Labeled and archived message ID 19586ffbfcebca73 as @Church
2025-03-22 22:52:03,946 — INFO — Labeled and archived message ID 19586dd3fd00e6be as @Later
2025-03-22 22:52:05,543 — INFO — Labeled and archived message ID 19586d76e2939f0f as @Later
2025-03-22 22:52:07,339 — INFO — Labeled and archived message ID 19586c039439cabd as @Later
2025-03-22 22:52:08,736 — INFO — Labeled and archived message ID 19586beaa65dfd87 as @Later
2025-03-22 22:52:10,060 — INFO — Labeled and archived message ID 19586a0e67aa4f1d as @Later
2025-03-22 22:52:11,391 — INFO — Labeled and archived message ID 195868ae586185ba as @Later
2025-03-22 22:52:12,753 — INFO — Labeled and archived message ID 1958681cb61b3d9f as @Later
2025-03-22 22:52:14,098 — INFO — Labeled and archived message ID 195866b033fa6ed9 as @Later
2025-03-22 22:52:15,392 — INFO — Labeled and archived message ID 195863c4b35196a0 as @Later
2025-03-22 22:52:16,915 — INFO — Labeled and archived message ID 195861437002d143 as @Later
2025-03-22 22:52:18,349 — INFO — Labeled and archived message ID 19585f843bc69281 as @Later
2025-03-22 22:52:19,781 — INFO — Labeled and archived message ID 19585ef4cbe6b64e as @Later
2025-03-22 22:52:21,158 — INFO — Labeled and archived message ID 19585c6c6aa37645 as @Later
2025-03-22 22:52:22,475 — INFO — Labeled and archived message ID 19585bf4b839dc73 as @Later
2025-03-22 22:52:23,904 — INFO — Labeled and archived message ID 19585bd725520cd5 as @Later
2025-03-22 22:52:25,208 — INFO — Labeled and archived message ID 19585a7fc2d0a671 as @Later
2025-03-22 22:52:26,541 — INFO — Labeled and archived message ID 195854d98f8d08d7 as @Church
2025-03-22 22:52:29,005 — INFO — Labeled and archived message ID 19584fff9c766b6c as @Later
2025-03-22 22:52:30,386 — INFO — Labeled and archived message ID 19584d2e723be422 as @Later
2025-03-22 22:52:31,756 — INFO — Labeled and archived message ID 1958473054a17841 as @Later
2025-03-22 22:52:33,216 — INFO — Labeled and archived message ID 19583cfacb606034 as @Later
2025-03-22 22:52:34,518 — INFO — Labeled and archived message ID 195831fd02ecee97 as @Later
2025-03-22 22:52:35,808 — INFO — Labeled and archived message ID 1958302f9141020b as @Later
2025-03-22 22:52:37,121 — INFO — Labeled and archived message ID 1958280c67588e46 as @AlpineDistrict
2025-03-22 22:52:38,521 — INFO — Labeled and archived message ID 19582445fc9e47b8 as @Later
2025-03-22 22:52:39,954 — INFO — Labeled and archived message ID 195823c7523279b5 as @Later
2025-03-22 22:52:41,425 — INFO — Labeled and archived message ID 195820a095a29c7e as @Later
2025-03-22 22:52:42,784 — INFO — Labeled and archived message ID 19581df748362f8b as @Later
2025-03-22 22:52:44,077 — INFO — Labeled and archived message ID 19581c9c9b867e25 as @Later
2025-03-22 22:52:45,399 — INFO — Labeled and archived message ID 19581aaff1171038 as @Delete
2025-03-22 22:52:46,711 — INFO — Labeled and archived message ID 195818e059998a9b as @Later
2025-03-22 22:52:48,244 — INFO — Labeled and archived message ID 195818021cbc95b0 as @Later
2025-03-22 22:52:49,583 — INFO — Labeled and archived message ID 19581727659b0e1c as @Later
2025-03-22 22:52:50,949 — INFO — Labeled and archived message ID 195816de4cbe34a8 as @Later
2025-03-22 22:52:52,282 — INFO — Labeled and archived message ID 1958138f61df78b1 as @Later
2025-03-22 22:52:53,609 — INFO — Labeled and archived message ID 1958120a2f8fa6f0 as @Later
2025-03-22 22:52:54,949 — INFO — Labeled and archived message ID 195810a0b531f676 as @Later
2025-03-22 22:52:56,235 — INFO — Labeled and archived message ID 19580f44062e7982 as @Later
2025-03-22 22:52:57,669 — INFO — Labeled and archived message ID 19580ddb574b3402 as @Later
2025-03-22 22:52:59,019 — INFO — Labeled and archived message ID 19580abeab78c250 as @Later
2025-03-22 22:53:00,460 — INFO — Labeled and archived message ID 19580a35eedc795f as @Later
2025-03-22 22:53:02,011 — INFO — Labeled and archived message ID 1958091ee9659a20 as @Later
2025-03-22 22:53:03,370 — INFO — Labeled and archived message ID 1958090eda484287 as @Later
2025-03-22 22:53:04,835 — INFO — Labeled and archived message ID 19580631e4c1323e as @Later
2025-03-22 22:53:04,879 — INFO — file_cache is only supported with oauth2client<4.0.0
2025-03-22 22:53:07,121 — INFO — Labeled and archived message ID 19580510757341d3 as @Later
2025-03-22 22:53:08,566 — INFO — Labeled and archived message ID 195802e10aa9b1d0 as @Later
2025-03-22 22:53:09,959 — INFO — Labeled and archived message ID 1957fdd7e0553300 as @Later
2025-03-22 22:53:11,282 — INFO — Labeled and archived message ID 1957fdbdd019ae56 as @Later
2025-03-22 22:53:13,759 — INFO — Labeled and archived message ID 1957fc3e33a7153e as @Later
2025-03-22 22:53:15,128 — INFO — Labeled and archived message ID 1957fb1e6ba011b6 as @Later
2025-03-22 22:53:16,505 — INFO — Labeled and archived message ID 1957fa6e64f397c1 as @Later
2025-03-22 22:53:17,805 — INFO — Labeled and archived message ID 1957e9f31ccef93e as @Later
2025-03-22 22:53:19,173 — INFO — Labeled and archived message ID 1957d1fc3396bcff as @Later
2025-03-22 22:53:20,607 — INFO — Labeled and archived message ID 1957d1aaba33bfe8 as @Later
2025-03-22 22:53:21,912 — INFO — Labeled and archived message ID 1957cd0180646993 as @Later
2025-03-22 22:53:23,220 — INFO — Labeled and archived message ID 1957cab1ac1c9de4 as @Later
2025-03-22 22:53:24,602 — INFO — Labeled and archived message ID 1957c74fc5b479a1 as @Later
2025-03-22 22:53:25,967 — INFO — Labeled and archived message ID 1957c7074b69acbd as @Later
2025-03-22 22:53:27,441 — INFO — Labeled and archived message ID 1957c268ea1fb2a4 as @Later
2025-03-22 22:53:28,753 — INFO — Labeled and archived message ID 1957c10a94d5dc97 as @Later
2025-03-22 22:53:30,130 — INFO — Labeled and archived message ID 1957bf5dab9dfe70 as @Church
2025-03-22 22:53:31,502 — INFO — Labeled and archived message ID 1957b7088219260e as @Later
2025-03-22 22:53:32,831 — INFO — Labeled and archived message ID 1957b37966a04047 as @Later
2025-03-22 22:53:34,131 — INFO — Labeled and archived message ID 1957b351e31342e3 as @Later
2025-03-22 22:53:35,454 — INFO — Labeled and archived message ID 1957b24efbe4bcc1 as @Later
2025-03-22 22:53:36,828 — INFO — Labeled and archived message ID 1957b1c1aacaae80 as @Later
2025-03-22 22:53:38,379 — INFO — Labeled and archived message ID 1957aa42b56cf7a4 as @Later
2025-03-22 22:53:39,860 — INFO — Labeled and archived message ID 1957a9dc20ed92b1 as @Later
2025-03-22 22:53:41,327 — INFO — Labeled and archived message ID 1957a948542e1b44 as @Later
2025-03-22 22:53:42,629 — INFO — Labeled and archived message ID 195797fffc4bac5c as @Later
2025-03-22 22:53:43,970 — INFO — Labeled and archived message ID 195797f304ff434d as @Later
2025-03-22 22:53:45,277 — INFO — Labeled and archived message ID 195797e8923d73d8 as @Later
2025-03-22 22:53:46,616 — INFO — Labeled and archived message ID 195797cfce59e229 as @Later
2025-03-22 22:53:48,051 — INFO — Labeled and archived message ID 195797c4f6b08dfd as @Later
2025-03-22 22:53:49,420 — INFO — Labeled and archived message ID 195797b549d10dde as @Later
2025-03-22 22:53:50,802 — INFO — Labeled and archived message ID 195797a7a2d77a28 as @Later
2025-03-22 22:53:52,123 — INFO — Labeled and archived message ID 1957979c3dbdd47b as @Later
2025-03-22 22:53:53,434 — INFO — Labeled and archived message ID 1957978ec5b246b7 as @Later
2025-03-22 22:53:54,734 — INFO — Labeled and archived message ID 1957975326a032fa as @Later
2025-03-22 22:53:56,138 — INFO — Labeled and archived message ID 19579748b324c7be as @Later
2025-03-22 22:53:57,504 — INFO — Labeled and archived message ID 1957971ad8222971 as @Later
2025-03-22 22:53:58,812 — INFO — Labeled and archived message ID 1957920f5519fc75 as @Later
2025-03-22 22:54:00,124 — INFO — Labeled and archived message ID 195791d3b42d28e5 as @Later
2025-03-22 22:54:01,462 — INFO — Labeled and archived message ID 1957915d2f8ac30b as @Later
2025-03-22 22:54:02,778 — INFO — Labeled and archived message ID 19577c906e295c89 as @Later
2025-03-22 22:54:04,091 — INFO — Labeled and archived message ID 195779c6809b5e97 as @Later
2025-03-22 22:54:05,463 — INFO — Labeled and archived message ID 1957793266409f41 as @Later
2025-03-22 22:54:06,790 — INFO — Labeled and archived message ID 19577931c45d42c6 as @Later
2025-03-22 22:54:08,214 — INFO — Labeled and archived message ID 19577229f79215bd as @Later
2025-03-22 22:54:09,658 — INFO — Labeled and archived message ID 19576f620b8fa44a as @Later
2025-03-22 22:54:11,007 — INFO — Labeled and archived message ID 19576d4a4ad9e460 as @Later
2025-03-22 22:54:12,296 — INFO — Labeled and archived message ID 19576d364042eb0b as @Later
2025-03-22 22:54:13,587 — INFO — Labeled and archived message ID 19576beb9c64af0b as @Later
2025-03-22 22:54:14,916 — INFO — Labeled and archived message ID 19576b9a78c14389 as @Later
2025-03-23 16:00:33,003 — INFO — file_cache is only supported with oauth2client<4.0.0
2025-03-23 16:00:35,224 — INFO — Labeled and archived message ID 195c4c0ae165c603 as @Later
2025-03-23 16:00:36,779 — INFO — Labeled and archived message ID 195c3e6d6e1809e2 as @Later
2025-03-23 16:00:38,207 — INFO — Labeled and archived message ID 195c3e5fe023ea23 as @Later
2025-03-23 16:00:39,616 — INFO — Labeled and archived message ID 195c3d887d52fdb8 as @Church
2025-03-23 16:00:41,049 — INFO — Labeled and archived message ID 195c3a48e1b2b505 as @Later
2025-03-23 16:00:42,459 — INFO — Labeled and archived message ID 195c387554963452 as @Later
2025-03-23 16:00:43,872 — INFO — Labeled and archived message ID 195c35fd0266d4be as @Later
2025-03-23 16:00:45,256 — INFO — Labeled and archived message ID 195c35ba07486dcb as @Later
2025-03-23 16:00:46,661 — INFO — Labeled and archived message ID 195c3506d61e9ffa as @Later
2025-03-23 16:00:48,073 — INFO — Labeled and archived message ID 195c2eddedcf9fd7 as @Later
2025-03-23 16:00:49,500 — INFO — Labeled and archived message ID 195c2e692fa4f6ad as @Later
2025-03-23 16:00:50,941 — INFO — Labeled and archived message ID 195c2b85ee9bba77 as @Later
2025-03-23 16:00:52,339 — INFO — Labeled and archived message ID 195c2b6e19e05966 as @Later
2025-03-23 16:00:53,755 — INFO — Labeled and archived message ID 195c247c371bb405 as @Later
2025-03-23 16:00:55,196 — INFO — Labeled and archived message ID 195769a084a26200 as @Later
2025-03-23 16:00:56,683 — INFO — Labeled and archived message ID 1957681365c64c7d as @Later
2025-03-23 16:00:58,134 — INFO — Labeled and archived message ID 1957666cd5ffa35a as @Later
2025-03-23 16:00:59,588 — INFO — Labeled and archived message ID 1957659187159b3d as @Later
2025-03-23 16:01:01,013 — INFO — Labeled and archived message ID 19576472cb165a21 as @Later
2025-03-23 16:01:02,437 — INFO — Labeled and archived message ID 19576469c3e8648a as @Later
2025-03-23 16:01:03,847 — INFO — Labeled and archived message ID 19575a28313186e3 as @Later
2025-03-23 16:01:05,242 — INFO — Labeled and archived message ID 1957589d4a9e1286 as @Later
2025-03-23 16:01:06,659 — INFO — Labeled and archived message ID 1957579a9d5da6a0 as @Later
2025-03-23 16:01:08,069 — INFO — Labeled and archived message ID 19575715a0404666 as @Later
2025-03-23 16:01:09,531 — INFO — Labeled and archived message ID 19573f6c060122b4 as @Later
2025-03-23 16:01:11,060 — INFO — Labeled and archived message ID 19573c04438be143 as @Later
2025-03-23 16:01:12,457 — INFO — Labeled and archived message ID 195733b2ab331077 as @Later
2025-03-23 16:01:13,857 — INFO — Labeled and archived message ID 195732c1c0594dbc as @AlpineDistrict
2025-03-23 16:01:15,256 — INFO — Labeled and archived message ID 195730f1fe637c09 as @Later
2025-03-23 16:01:16,672 — INFO — Labeled and archived message ID 19573080732542e1 as @Later
2025-03-23 16:01:18,152 — INFO — Labeled and archived message ID 19573019cd2d4ff5 as @Later
2025-03-23 16:01:19,594 — INFO — Labeled and archived message ID 19572f53669452fd as @Later
2025-03-23 16:01:21,388 — INFO — Labeled and archived message ID 19572e327f01ccb2 as @Later
2025-03-23 16:01:23,212 — INFO — Labeled and archived message ID 19572cdd32d46f57 as @Later
2025-03-23 16:01:24,995 — INFO — Labeled and archived message ID 19572816778bcb15 as @AlpineDistrict
2025-03-23 16:01:26,390 — INFO — Labeled and archived message ID 1957273edbbb3d8d as @AlpineDistrict
2025-03-23 16:01:27,821 — INFO — Labeled and archived message ID 1957235b16499abb as @Later
2025-03-23 16:01:29,225 — INFO — Labeled and archived message ID 19572330cf06f05a as @Later
2025-03-23 16:01:30,608 — INFO — Labeled and archived message ID 19571d0ea34baa13 as @Later
2025-03-23 16:01:31,995 — INFO — Labeled and archived message ID 19571c9f7f03c0b5 as @Later
2025-03-23 16:01:33,390 — INFO — Labeled and archived message ID 19571ba9a3bd56b5 as @Later
2025-03-23 16:01:34,801 — INFO — Labeled and archived message ID 19571ae38524e6c5 as @Later
2025-03-23 16:01:36,176 — INFO — Labeled and archived message ID 19571a4309ae0d9d as @Later
2025-03-23 16:01:37,563 — INFO — Labeled and archived message ID 19571633e54c243e as @Later
2025-03-23 16:01:39,300 — INFO — Labeled and archived message ID 1957152876f4d8bf as @Later
2025-03-23 16:01:40,692 — INFO — Labeled and archived message ID 19570d762c3a90c5 as @Later
2025-03-23 16:01:42,131 — INFO — Labeled and archived message ID 195709d2f2ca100b as @Later
2025-03-23 16:01:43,525 — INFO — Labeled and archived message ID 19570671e1f7431b as @Later
2025-03-23 16:01:44,936 — INFO — Labeled and archived message ID 1956f11bc81d84c4 as @Later
2025-03-23 16:01:46,315 — INFO — Labeled and archived message ID 1956e21932077e7a as @Later
